<?xml version="1.0" encoding="UTF-8"?>
<testsuite xmlns:xsi="http://www.w3.org/2001/XMLSchema-instance" xsi:noNamespaceSchemaLocation="https://maven.apache.org/surefire/maven-surefire-plugin/xsd/surefire-test-report-3.0.xsd" version="3.0" name="model.AccountRegisterTests" time="0.032" tests="9" errors="0" skipped="0" failures="0">
  <properties>
[...]
</properties>
  <testcase name="newlyCreatedCheckingAccountIsTypeChecking" classname="model.AccountRegisterTests" time="0.009"/>
  <testcase name="addTransactionAndGetTransaction" classname="model.AccountRegisterTests" time="0"/>
  <testcase name="getFromEmptyAccountThrowsAccountEmptyException" classname="model.AccountRegisterTests" time="0"/>
  <testcase name="addTransactionToAccountSizeIsOne" classname="model.AccountRegisterTests" time="0"/>
  <testcase name="addMultipleTransactions_ReturnsTransactions" classname="model.AccountRegisterTests" time="0"/>
  <testcase name="newlyCreatedAccountIsEmpty" classname="model.AccountRegisterTests" time="0"/>
  <testcase name="newCreatedAccountHasProperties" classname="model.AccountRegisterTests" time="0"/>
  <testcase name="canDeleteTransactionFromAccoutRegister" classname="model.AccountRegisterTests" time="0"/>
  <testcase name="deleteFromEmptyRegisterThrowsException" classname="model.AccountRegisterTests" time="0"/>
</testsuite>